Using pre-set license
Built from '2020.2/release' branch; Version is '2020.2.2f1 (068178b99f32) revision 426360'; Using compiler version '192528614'; Build Type 'Release'
OS: 'Windows 10 Home; OS build 18363.1316; Version 1909; 64bit' Language: 'en' Physical Memory: 16292 MB
BatchMode: 1, IsHumanControllingUs: 0, StartBugReporterOnCrash: 0, Is64bit: 1, IsPro: 0

 COMMAND LINE ARGUMENTS:
C:\Program Files\Unity\Hub\Editor\2020.2.2f1\Editor\Unity.exe
-adb2
-batchMode
-noUpm
-name
AssetImportWorker0
-projectPath
C:/Users/omari/OneDrive/Documents/GitHub/mega-golf-golf-alien/DP tilez
-logFile
Logs/AssetImportWorker0.log
-srvPort
52758
Successfully changed project path to: C:/Users/omari/OneDrive/Documents/GitHub/mega-golf-golf-alien/DP tilez
C:/Users/omari/OneDrive/Documents/GitHub/mega-golf-golf-alien/DP tilez
Using Asset Import Pipeline V2.
Refreshing native plugins compatible for Editor in 30.57 ms, found 1 plugins.
Preloading 0 native plugins for Editor in 0.00 ms.
Initialize engine version: 2020.2.2f1 (068178b99f32)
[Subsystems] Discovering subsystems at path C:/Program Files/Unity/Hub/Editor/2020.2.2f1/Editor/Data/Resources/UnitySubsystems
[Subsystems] Discovering subsystems at path C:/Users/omari/OneDrive/Documents/GitHub/mega-golf-golf-alien/DP tilez/Assets
GfxDevice: creating device client; threaded=0
Direct3D:
    Version:  Direct3D 11.0 [level 11.1]
    Renderer: NVIDIA GeForce RTX 2070 SUPER (ID=0x1e84)
    Vendor:   
    VRAM:     8011 MB
    Driver:   27.21.14.5751
Initialize mono
Mono path[0] = 'C:/Program Files/Unity/Hub/Editor/2020.2.2f1/Editor/Data/Managed'
Mono path[1] = 'C:/Program Files/Unity/Hub/Editor/2020.2.2f1/Editor/Data/MonoBleedingEdge/lib/mono/unityjit'
Mono config path = 'C:/Program Files/Unity/Hub/Editor/2020.2.2f1/Editor/Data/MonoBleedingEdge/etc'
Using monoOptions --debugger-agent=transport=dt_socket,embedding=1,server=y,suspend=n,address=127.0.0.1:56528
Begin MonoManager ReloadAssembly
Registering precompiled unity dll's ...
Register platform support module: C:/Program Files/Unity/Hub/Editor/2020.2.2f1/Editor/Data/PlaybackEngines/WindowsStandaloneSupport/UnityEditor.WindowsStandalone.Extensions.dll
Registered in 0.001503 seconds.
Native extension for WindowsStandalone target not found
Refreshing native plugins compatible for Editor in 28.10 ms, found 1 plugins.
Preloading 0 native plugins for Editor in 0.00 ms.
Invoked RoslynAnalysisRunner static constructor.
RoslynAnalysisRunner will not be running.
RoslynAnalysisRunner has terminated.
Mono: successfully reloaded assembly
- Completed reload, in  0.798 seconds
Platform modules already initialized, skipping
Registering precompiled user dll's ...
Registered in 0.000895 seconds.
Begin MonoManager ReloadAssembly
Native extension for WindowsStandalone target not found
Refreshing native plugins compatible for Editor in 28.22 ms, found 1 plugins.
Preloading 0 native plugins for Editor in 0.00 ms.
Invoked RoslynAnalysisRunner static constructor.
RoslynAnalysisRunner will not be running.
RoslynAnalysisRunner has terminated.
Mono: successfully reloaded assembly
- Completed reload, in  0.709 seconds
Platform modules already initialized, skipping
========================================================================
Worker process is ready to serve import requests
Launched and connected shader compiler UnityShaderCompiler.exe after 0.04 seconds
Refreshing native plugins compatible for Editor in 0.32 ms, found 1 plugins.
Preloading 0 native plugins for Editor in 0.00 ms.
Unloading 1792 Unused Serialized files (Serialized files now loaded: 0)
System memory in use before: 84.2 MB.
System memory in use after: 84.2 MB.

Unloading 24 unused Assets to reduce memory usage. Loaded Objects now: 2233.
Total: 1.792700 ms (FindLiveObjects: 0.217400 ms CreateObjectMapping: 0.091000 ms MarkObjects: 1.376200 ms  DeleteObjects: 0.107200 ms)

========================================================================
Received Import Request.
  path: Assets
  artifactKey: Guid(00000000000000001000000000000000) Importer(815301076,1909f56bfc062723c751e8b465ee728b)
Start importing Assets using Guid(00000000000000001000000000000000) Importer(815301076,1909f56bfc062723c751e8b465ee728b)  -> (artifact id: '4a6e520b92ccfc61bcfa21a7bcab8468') in 0.004996 seconds
  Import took 0.007507 seconds .

========================================================================
Received Import Request.
  Time since last request: 4.385073 seconds.
  path: Assets/Design Practice Tiles.psd
  artifactKey: Guid(aa087d7b706e8804e9b02590273deef5) Importer(815301076,1909f56bfc062723c751e8b465ee728b)
Start importing Assets/Design Practice Tiles.psd using Guid(aa087d7b706e8804e9b02590273deef5) Importer(815301076,1909f56bfc062723c751e8b465ee728b)  -> (artifact id: 'c55e2441affdbb6dad99fa5eceabc660') in 0.076274 seconds
  Import took 0.079383 seconds .

========================================================================
Received Import Request.
  Time since last request: 0.022316 seconds.
  path: Assets/Design Practice Tiles.psd
  artifactKey: Guid(aa087d7b706e8804e9b02590273deef5) Importer(815301076,1909f56bfc062723c751e8b465ee728b)
Start importing Assets/Design Practice Tiles.psd using Guid(aa087d7b706e8804e9b02590273deef5) Importer(815301076,1909f56bfc062723c751e8b465ee728b)  -> (artifact id: 'c55e2441affdbb6dad99fa5eceabc660') in 0.011970 seconds
  Import took 0.014667 seconds .

========================================================================
Received Import Request.
  Time since last request: 15.613711 seconds.
  path: Assets/Design Practice Tiles.psd
  artifactKey: Guid(aa087d7b706e8804e9b02590273deef5) Importer(815301076,1909f56bfc062723c751e8b465ee728b)
Start importing Assets/Design Practice Tiles.psd using Guid(aa087d7b706e8804e9b02590273deef5) Importer(815301076,1909f56bfc062723c751e8b465ee728b)  -> (artifact id: 'e1d5811fd831d88599c3c2b3e7ef3ebf') in 0.008549 seconds
  Import took 0.011537 seconds .

AssetImportWorkerClient::OnTransportError - code=2 error=End of file
