Using pre-set license
Built from '2020.2/release' branch; Version is '2020.2.2f1 (068178b99f32) revision 426360'; Using compiler version '192528614'; Build Type 'Release'
OS: 'Windows 10 Home; OS build 18363.1316; Version 1909; 64bit' Language: 'en' Physical Memory: 16292 MB
BatchMode: 1, IsHumanControllingUs: 0, StartBugReporterOnCrash: 0, Is64bit: 1, IsPro: 0

 COMMAND LINE ARGUMENTS:
C:\Program Files\Unity\Hub\Editor\2020.2.2f1\Editor\Unity.exe
-adb2
-batchMode
-noUpm
-name
AssetImportWorker0
-projectPath
C:/Users/omari/OneDrive/Documents/GitHub/mega-golf-golf-alien/New Unity Project
-logFile
Logs/AssetImportWorker0.log
-srvPort
52448
Successfully changed project path to: C:/Users/omari/OneDrive/Documents/GitHub/mega-golf-golf-alien/New Unity Project
C:/Users/omari/OneDrive/Documents/GitHub/mega-golf-golf-alien/New Unity Project
Using Asset Import Pipeline V2.
Refreshing native plugins compatible for Editor in 29.50 ms, found 1 plugins.
Preloading 0 native plugins for Editor in 0.00 ms.
Initialize engine version: 2020.2.2f1 (068178b99f32)
[Subsystems] Discovering subsystems at path C:/Program Files/Unity/Hub/Editor/2020.2.2f1/Editor/Data/Resources/UnitySubsystems
[Subsystems] Discovering subsystems at path C:/Users/omari/OneDrive/Documents/GitHub/mega-golf-golf-alien/New Unity Project/Assets
GfxDevice: creating device client; threaded=0
Direct3D:
    Version:  Direct3D 11.0 [level 11.1]
    Renderer: NVIDIA GeForce RTX 2070 SUPER (ID=0x1e84)
    Vendor:   
    VRAM:     8011 MB
    Driver:   27.21.14.5751
Initialize mono
Mono path[0] = 'C:/Program Files/Unity/Hub/Editor/2020.2.2f1/Editor/Data/Managed'
Mono path[1] = 'C:/Program Files/Unity/Hub/Editor/2020.2.2f1/Editor/Data/MonoBleedingEdge/lib/mono/unityjit'
Mono config path = 'C:/Program Files/Unity/Hub/Editor/2020.2.2f1/Editor/Data/MonoBleedingEdge/etc'
Using monoOptions --debugger-agent=transport=dt_socket,embedding=1,server=y,suspend=n,address=127.0.0.1:56980
Begin MonoManager ReloadAssembly
Registering precompiled unity dll's ...
Register platform support module: C:/Program Files/Unity/Hub/Editor/2020.2.2f1/Editor/Data/PlaybackEngines/WindowsStandaloneSupport/UnityEditor.WindowsStandalone.Extensions.dll
Registered in 0.001513 seconds.
Native extension for WindowsStandalone target not found
Refreshing native plugins compatible for Editor in 26.99 ms, found 1 plugins.
Preloading 0 native plugins for Editor in 0.00 ms.
Invoked RoslynAnalysisRunner static constructor.
RoslynAnalysisRunner will not be running.
RoslynAnalysisRunner has terminated.
Mono: successfully reloaded assembly
- Completed reload, in  0.787 seconds
Platform modules already initialized, skipping
Registering precompiled user dll's ...
Registered in 0.000786 seconds.
Begin MonoManager ReloadAssembly
Native extension for WindowsStandalone target not found
Refreshing native plugins compatible for Editor in 27.53 ms, found 1 plugins.
Preloading 0 native plugins for Editor in 0.00 ms.
Invoked RoslynAnalysisRunner static constructor.
RoslynAnalysisRunner will not be running.
RoslynAnalysisRunner has terminated.
Mono: successfully reloaded assembly
- Completed reload, in  0.692 seconds
Platform modules already initialized, skipping
========================================================================
Worker process is ready to serve import requests
Launched and connected shader compiler UnityShaderCompiler.exe after 0.04 seconds
Refreshing native plugins compatible for Editor in 0.36 ms, found 1 plugins.
Preloading 0 native plugins for Editor in 0.00 ms.
Unloading 1792 Unused Serialized files (Serialized files now loaded: 0)
System memory in use before: 84.7 MB.
System memory in use after: 84.7 MB.

Unloading 24 unused Assets to reduce memory usage. Loaded Objects now: 2233.
Total: 1.804700 ms (FindLiveObjects: 0.218800 ms CreateObjectMapping: 0.085800 ms MarkObjects: 1.403000 ms  DeleteObjects: 0.096200 ms)

========================================================================
Received Import Request.
  path: Assets
  artifactKey: Guid(00000000000000001000000000000000) Importer(815301076,1909f56bfc062723c751e8b465ee728b)
Start importing Assets using Guid(00000000000000001000000000000000) Importer(815301076,1909f56bfc062723c751e8b465ee728b)  -> (artifact id: '4a6e520b92ccfc61bcfa21a7bcab8468') in 0.004939 seconds
  Import took 0.007077 seconds .

========================================================================
Received Import Request.
  Time since last request: 452.897842 seconds.
  path: Assets/Design Practice Tiles.psd
  artifactKey: Guid(cefa640a3d914bd4c8368711a5d806b7) Importer(815301076,1909f56bfc062723c751e8b465ee728b)
Start importing Assets/Design Practice Tiles.psd using Guid(cefa640a3d914bd4c8368711a5d806b7) Importer(815301076,1909f56bfc062723c751e8b465ee728b)  -> (artifact id: '32ed486f89c67c3d2acf7ead0a5d03b3') in 0.077548 seconds
  Import took 0.080259 seconds .

========================================================================
Received Import Request.
  Time since last request: 125.529738 seconds.
  path: Assets/Design Practice Tiles.psd
  artifactKey: Guid(cefa640a3d914bd4c8368711a5d806b7) Importer(815301076,1909f56bfc062723c751e8b465ee728b)
Start importing Assets/Design Practice Tiles.psd using Guid(cefa640a3d914bd4c8368711a5d806b7) Importer(815301076,1909f56bfc062723c751e8b465ee728b)  -> (artifact id: '79c1efe5f8df8584abc200cb63a90c38') in 0.007750 seconds
  Import took 0.010488 seconds .

========================================================================
Received Import Request.
  Time since last request: 0.003388 seconds.
  path: Assets/Design Practice Tiles.psd
  artifactKey: Guid(cefa640a3d914bd4c8368711a5d806b7) Importer(815301076,1909f56bfc062723c751e8b465ee728b)
Start importing Assets/Design Practice Tiles.psd using Guid(cefa640a3d914bd4c8368711a5d806b7) Importer(815301076,1909f56bfc062723c751e8b465ee728b)  -> (artifact id: '79c1efe5f8df8584abc200cb63a90c38') in 0.007196 seconds
  Import took 0.009575 seconds .

========================================================================
Received Import Request.
  Time since last request: 16.067309 seconds.
  path: Assets/Design Practice Tiles.psd
  artifactKey: Guid(cefa640a3d914bd4c8368711a5d806b7) Importer(815301076,1909f56bfc062723c751e8b465ee728b)
Start importing Assets/Design Practice Tiles.psd using Guid(cefa640a3d914bd4c8368711a5d806b7) Importer(815301076,1909f56bfc062723c751e8b465ee728b)  -> (artifact id: '3fb8edc90ba7131a3152351f97435db2') in 0.009560 seconds
  Import took 0.012152 seconds .

========================================================================
Received Import Request.
  Time since last request: 0.002571 seconds.
  path: Assets/Design Practice Tiles.psd
  artifactKey: Guid(cefa640a3d914bd4c8368711a5d806b7) Importer(815301076,1909f56bfc062723c751e8b465ee728b)
Start importing Assets/Design Practice Tiles.psd using Guid(cefa640a3d914bd4c8368711a5d806b7) Importer(815301076,1909f56bfc062723c751e8b465ee728b)  -> (artifact id: '3fb8edc90ba7131a3152351f97435db2') in 0.012757 seconds
  Import took 0.015155 seconds .

========================================================================
Received Import Request.
  Time since last request: 187.649977 seconds.
  path: Assets/Design Practice Tiles.psd
  artifactKey: Guid(cefa640a3d914bd4c8368711a5d806b7) Importer(815301076,1909f56bfc062723c751e8b465ee728b)
Start importing Assets/Design Practice Tiles.psd using Guid(cefa640a3d914bd4c8368711a5d806b7) Importer(815301076,1909f56bfc062723c751e8b465ee728b)  -> (artifact id: '6bd918bfa9afacfc9eff882116453db4') in 0.014358 seconds
  Import took 0.016944 seconds .

AssetImportWorkerClient::OnTransportError - code=2 error=End of file
