Using pre-set license
Built from '2020.2/release' branch; Version is '2020.2.2f1 (068178b99f32) revision 426360'; Using compiler version '192528614'; Build Type 'Release'
OS: 'Windows 10 Home; OS build 18363.1316; Version 1909; 64bit' Language: 'en' Physical Memory: 16292 MB
BatchMode: 1, IsHumanControllingUs: 0, StartBugReporterOnCrash: 0, Is64bit: 1, IsPro: 0

 COMMAND LINE ARGUMENTS:
C:\Program Files\Unity\Hub\Editor\2020.2.2f1\Editor\Unity.exe
-adb2
-batchMode
-noUpm
-name
AssetImportWorker0
-projectPath
C:/Users/omari/OneDrive/Documents/GitHub/mega-golf-golf-alien/tilezz
-logFile
Logs/AssetImportWorker0.log
-srvPort
50168
Successfully changed project path to: C:/Users/omari/OneDrive/Documents/GitHub/mega-golf-golf-alien/tilezz
C:/Users/omari/OneDrive/Documents/GitHub/mega-golf-golf-alien/tilezz
Using Asset Import Pipeline V2.
Refreshing native plugins compatible for Editor in 32.56 ms, found 1 plugins.
Preloading 0 native plugins for Editor in 0.00 ms.
Initialize engine version: 2020.2.2f1 (068178b99f32)
[Subsystems] Discovering subsystems at path C:/Program Files/Unity/Hub/Editor/2020.2.2f1/Editor/Data/Resources/UnitySubsystems
[Subsystems] Discovering subsystems at path C:/Users/omari/OneDrive/Documents/GitHub/mega-golf-golf-alien/tilezz/Assets
GfxDevice: creating device client; threaded=0
Direct3D:
    Version:  Direct3D 11.0 [level 11.1]
    Renderer: NVIDIA GeForce RTX 2070 SUPER (ID=0x1e84)
    Vendor:   
    VRAM:     8011 MB
    Driver:   27.21.14.5751
Initialize mono
Mono path[0] = 'C:/Program Files/Unity/Hub/Editor/2020.2.2f1/Editor/Data/Managed'
Mono path[1] = 'C:/Program Files/Unity/Hub/Editor/2020.2.2f1/Editor/Data/MonoBleedingEdge/lib/mono/unityjit'
Mono config path = 'C:/Program Files/Unity/Hub/Editor/2020.2.2f1/Editor/Data/MonoBleedingEdge/etc'
Using monoOptions --debugger-agent=transport=dt_socket,embedding=1,server=y,suspend=n,address=127.0.0.1:56744
Begin MonoManager ReloadAssembly
Registering precompiled unity dll's ...
Register platform support module: C:/Program Files/Unity/Hub/Editor/2020.2.2f1/Editor/Data/PlaybackEngines/WindowsStandaloneSupport/UnityEditor.WindowsStandalone.Extensions.dll
Registered in 0.001677 seconds.
Native extension for WindowsStandalone target not found
Refreshing native plugins compatible for Editor in 30.71 ms, found 1 plugins.
Preloading 0 native plugins for Editor in 0.00 ms.
Invoked RoslynAnalysisRunner static constructor.
RoslynAnalysisRunner will not be running.
RoslynAnalysisRunner has terminated.
Mono: successfully reloaded assembly
- Completed reload, in  0.824 seconds
Platform modules already initialized, skipping
Registering precompiled user dll's ...
Registered in 0.000954 seconds.
Begin MonoManager ReloadAssembly
Native extension for WindowsStandalone target not found
Refreshing native plugins compatible for Editor in 28.11 ms, found 1 plugins.
Preloading 0 native plugins for Editor in 0.00 ms.
Invoked RoslynAnalysisRunner static constructor.
RoslynAnalysisRunner will not be running.
RoslynAnalysisRunner has terminated.
Mono: successfully reloaded assembly
- Completed reload, in  0.709 seconds
Platform modules already initialized, skipping
========================================================================
Worker process is ready to serve import requests
Launched and connected shader compiler UnityShaderCompiler.exe after 0.04 seconds
Refreshing native plugins compatible for Editor in 0.36 ms, found 1 plugins.
Preloading 0 native plugins for Editor in 0.00 ms.
Unloading 1792 Unused Serialized files (Serialized files now loaded: 0)
System memory in use before: 84.2 MB.
System memory in use after: 84.2 MB.

Unloading 24 unused Assets to reduce memory usage. Loaded Objects now: 2233.
Total: 2.086000 ms (FindLiveObjects: 0.254100 ms CreateObjectMapping: 0.095800 ms MarkObjects: 1.605200 ms  DeleteObjects: 0.129600 ms)

========================================================================
Received Import Request.
  path: Assets
  artifactKey: Guid(00000000000000001000000000000000) Importer(815301076,1909f56bfc062723c751e8b465ee728b)
Start importing Assets using Guid(00000000000000001000000000000000) Importer(815301076,1909f56bfc062723c751e8b465ee728b)  -> (artifact id: '4a6e520b92ccfc61bcfa21a7bcab8468') in 0.005395 seconds
  Import took 0.007962 seconds .

========================================================================
Received Import Request.
  Time since last request: 56.960853 seconds.
  path: Assets/tilez.psd
  artifactKey: Guid(b34b3f991ed4cf449b51762a440bd37b) Importer(815301076,1909f56bfc062723c751e8b465ee728b)
Start importing Assets/tilez.psd using Guid(b34b3f991ed4cf449b51762a440bd37b) Importer(815301076,1909f56bfc062723c751e8b465ee728b)  -> (artifact id: '09a63bd751e1dd5f75e222a94c29ca6f') in 0.073734 seconds
  Import took 0.076279 seconds .

========================================================================
Received Import Request.
  Time since last request: 14.411675 seconds.
  path: Assets/tilezz.psd
  artifactKey: Guid(1892b2ed346822f43ae9ee9fab9e4bec) Importer(815301076,1909f56bfc062723c751e8b465ee728b)
Start importing Assets/tilezz.psd using Guid(1892b2ed346822f43ae9ee9fab9e4bec) Importer(815301076,1909f56bfc062723c751e8b465ee728b)  -> (artifact id: 'fd010169a9b86ca8439239e4ad2363b6') in 0.011986 seconds
  Import took 0.014539 seconds .

========================================================================
Received Import Request.
  Time since last request: 14.781533 seconds.
  path: Assets/PS Baz 2021.psd
  artifactKey: Guid(986e1c0c7a944d74c9d5e1a74e008875) Importer(815301076,1909f56bfc062723c751e8b465ee728b)
Start importing Assets/PS Baz 2021.psd using Guid(986e1c0c7a944d74c9d5e1a74e008875) Importer(815301076,1909f56bfc062723c751e8b465ee728b)  -> (artifact id: '54249de6b4fd68e59a9f098040116f52') in 0.025057 seconds
  Import took 0.027650 seconds .

========================================================================
Received Import Request.
  Time since last request: 22.408173 seconds.
  path: Assets/Design Practice Tiles.psd
  artifactKey: Guid(4abe399a39139f744a5f69a92855f5b4) Importer(815301076,1909f56bfc062723c751e8b465ee728b)
Start importing Assets/Design Practice Tiles.psd using Guid(4abe399a39139f744a5f69a92855f5b4) Importer(815301076,1909f56bfc062723c751e8b465ee728b)  -> (artifact id: '7a709fb0f1e6c49935a3cce9d15ff5e2') in 0.015051 seconds
  Import took 0.017662 seconds .

========================================================================
Received Import Request.
  Time since last request: 0.000765 seconds.
  path: Assets/Design Practice Tiles.psd
  artifactKey: Guid(4abe399a39139f744a5f69a92855f5b4) Importer(815301076,1909f56bfc062723c751e8b465ee728b)
Start importing Assets/Design Practice Tiles.psd using Guid(4abe399a39139f744a5f69a92855f5b4) Importer(815301076,1909f56bfc062723c751e8b465ee728b)  -> (artifact id: '7a709fb0f1e6c49935a3cce9d15ff5e2') in 0.013473 seconds
  Import took 0.015651 seconds .

========================================================================
Received Import Request.
  Time since last request: 13.831095 seconds.
  path: Assets/Design Practice Tiles.psd
  artifactKey: Guid(4abe399a39139f744a5f69a92855f5b4) Importer(815301076,1909f56bfc062723c751e8b465ee728b)
Start importing Assets/Design Practice Tiles.psd using Guid(4abe399a39139f744a5f69a92855f5b4) Importer(815301076,1909f56bfc062723c751e8b465ee728b)  -> (artifact id: 'db1b53446033999465b09d98cad708ea') in 0.006744 seconds
  Import took 0.009189 seconds .

========================================================================
Received Import Request.
  Time since last request: 205.297882 seconds.
  path: Assets/Design Practice Tiles.png
  artifactKey: Guid(15d01ec42e9a0ab47b94eddbdcb09142) Importer(815301076,1909f56bfc062723c751e8b465ee728b)
Start importing Assets/Design Practice Tiles.png using Guid(15d01ec42e9a0ab47b94eddbdcb09142) Importer(815301076,1909f56bfc062723c751e8b465ee728b)  -> (artifact id: '785f0520c19a5c909831ff51f711b156') in 0.036963 seconds
  Import took 0.039981 seconds .

AssetImportWorkerClient::OnTransportError - code=2 error=End of file
