Using pre-set license
Built from '2020.2/release' branch; Version is '2020.2.2f1 (068178b99f32) revision 426360'; Using compiler version '192528614'; Build Type 'Release'
OS: 'Windows 10 Home; OS build 18363.1316; Version 1909; 64bit' Language: 'en' Physical Memory: 16292 MB
BatchMode: 1, IsHumanControllingUs: 0, StartBugReporterOnCrash: 0, Is64bit: 1, IsPro: 0

 COMMAND LINE ARGUMENTS:
C:\Program Files\Unity\Hub\Editor\2020.2.2f1\Editor\Unity.exe
-adb2
-batchMode
-noUpm
-name
AssetImportWorker0
-projectPath
C:/Users/omari/OneDrive/Documents/GitHub/mega-golf-golf-alien/DP tilezz
-logFile
Logs/AssetImportWorker0.log
-srvPort
52926
Successfully changed project path to: C:/Users/omari/OneDrive/Documents/GitHub/mega-golf-golf-alien/DP tilezz
C:/Users/omari/OneDrive/Documents/GitHub/mega-golf-golf-alien/DP tilezz
Using Asset Import Pipeline V2.
Refreshing native plugins compatible for Editor in 28.62 ms, found 1 plugins.
Preloading 0 native plugins for Editor in 0.00 ms.
Initialize engine version: 2020.2.2f1 (068178b99f32)
[Subsystems] Discovering subsystems at path C:/Program Files/Unity/Hub/Editor/2020.2.2f1/Editor/Data/Resources/UnitySubsystems
[Subsystems] Discovering subsystems at path C:/Users/omari/OneDrive/Documents/GitHub/mega-golf-golf-alien/DP tilezz/Assets
GfxDevice: creating device client; threaded=0
Direct3D:
    Version:  Direct3D 11.0 [level 11.1]
    Renderer: NVIDIA GeForce RTX 2070 SUPER (ID=0x1e84)
    Vendor:   
    VRAM:     8011 MB
    Driver:   27.21.14.5751
Initialize mono
Mono path[0] = 'C:/Program Files/Unity/Hub/Editor/2020.2.2f1/Editor/Data/Managed'
Mono path[1] = 'C:/Program Files/Unity/Hub/Editor/2020.2.2f1/Editor/Data/MonoBleedingEdge/lib/mono/unityjit'
Mono config path = 'C:/Program Files/Unity/Hub/Editor/2020.2.2f1/Editor/Data/MonoBleedingEdge/etc'
Using monoOptions --debugger-agent=transport=dt_socket,embedding=1,server=y,suspend=n,address=127.0.0.1:56296
Begin MonoManager ReloadAssembly
Registering precompiled unity dll's ...
Register platform support module: C:/Program Files/Unity/Hub/Editor/2020.2.2f1/Editor/Data/PlaybackEngines/WindowsStandaloneSupport/UnityEditor.WindowsStandalone.Extensions.dll
Registered in 0.001544 seconds.
Native extension for WindowsStandalone target not found
Refreshing native plugins compatible for Editor in 28.23 ms, found 1 plugins.
Preloading 0 native plugins for Editor in 0.00 ms.
Invoked RoslynAnalysisRunner static constructor.
RoslynAnalysisRunner will not be running.
RoslynAnalysisRunner has terminated.
Mono: successfully reloaded assembly
- Completed reload, in  0.792 seconds
Platform modules already initialized, skipping
Registering precompiled user dll's ...
Registered in 0.000878 seconds.
Begin MonoManager ReloadAssembly
Native extension for WindowsStandalone target not found
Refreshing native plugins compatible for Editor in 27.57 ms, found 1 plugins.
Preloading 0 native plugins for Editor in 0.00 ms.
Invoked RoslynAnalysisRunner static constructor.
RoslynAnalysisRunner will not be running.
RoslynAnalysisRunner has terminated.
Mono: successfully reloaded assembly
- Completed reload, in  0.697 seconds
Platform modules already initialized, skipping
========================================================================
Worker process is ready to serve import requests
Launched and connected shader compiler UnityShaderCompiler.exe after 0.07 seconds
Refreshing native plugins compatible for Editor in 0.37 ms, found 1 plugins.
Preloading 0 native plugins for Editor in 0.00 ms.
Unloading 1792 Unused Serialized files (Serialized files now loaded: 0)
System memory in use before: 84.2 MB.
System memory in use after: 84.2 MB.

Unloading 24 unused Assets to reduce memory usage. Loaded Objects now: 2233.
Total: 3.423300 ms (FindLiveObjects: 0.392100 ms CreateObjectMapping: 0.265300 ms MarkObjects: 2.568600 ms  DeleteObjects: 0.196100 ms)

========================================================================
Received Import Request.
  path: Assets/Scenes
  artifactKey: Guid(243fd664bb870664bb0d708322034696) Importer(815301076,1909f56bfc062723c751e8b465ee728b)
Start importing Assets/Scenes using Guid(243fd664bb870664bb0d708322034696) Importer(815301076,1909f56bfc062723c751e8b465ee728b)  -> (artifact id: 'c618c982e358440235eb58abfa8ce8b8') in 0.005526 seconds
  Import took 0.008691 seconds .

========================================================================
Received Import Request.
  Time since last request: 81.605595 seconds.
  path: Assets/Scenes/Design Practice Tiles.psd
  artifactKey: Guid(fd342c9aeb68d8647aaef347f5ccc1a6) Importer(815301076,1909f56bfc062723c751e8b465ee728b)
Start importing Assets/Scenes/Design Practice Tiles.psd using Guid(fd342c9aeb68d8647aaef347f5ccc1a6) Importer(815301076,1909f56bfc062723c751e8b465ee728b)  -> (artifact id: '8d620bb8c0f3209a3234fc4a68e6bfcd') in 0.072027 seconds
  Import took 0.074502 seconds .

========================================================================
Received Import Request.
  Time since last request: 44.239897 seconds.
  path: Assets/Scenes/Design Practice Tiles.psd
  artifactKey: Guid(fd342c9aeb68d8647aaef347f5ccc1a6) Importer(815301076,1909f56bfc062723c751e8b465ee728b)
Start importing Assets/Scenes/Design Practice Tiles.psd using Guid(fd342c9aeb68d8647aaef347f5ccc1a6) Importer(815301076,1909f56bfc062723c751e8b465ee728b)  -> (artifact id: '83e1a93efe5c49830be1462eb4b96cbe') in 0.009197 seconds
  Import took 0.012090 seconds .

========================================================================
Received Import Request.
  Time since last request: 74.303132 seconds.
  path: Assets/Scenes/Design Practice Tiles.psd
  artifactKey: Guid(fd342c9aeb68d8647aaef347f5ccc1a6) Importer(815301076,1909f56bfc062723c751e8b465ee728b)
Start importing Assets/Scenes/Design Practice Tiles.psd using Guid(fd342c9aeb68d8647aaef347f5ccc1a6) Importer(815301076,1909f56bfc062723c751e8b465ee728b)  -> (artifact id: '6361833ff1f712fd6ae564193125d78a') in 0.007646 seconds
  Import took 0.010354 seconds .

========================================================================
Received Import Request.
  Time since last request: 0.004044 seconds.
  path: Assets/Scenes/Design Practice Tiles.psd
  artifactKey: Guid(fd342c9aeb68d8647aaef347f5ccc1a6) Importer(815301076,1909f56bfc062723c751e8b465ee728b)
Start importing Assets/Scenes/Design Practice Tiles.psd using Guid(fd342c9aeb68d8647aaef347f5ccc1a6) Importer(815301076,1909f56bfc062723c751e8b465ee728b)  -> (artifact id: '6361833ff1f712fd6ae564193125d78a') in 0.014186 seconds
  Import took 0.016617 seconds .

AssetImportWorkerClient::OnTransportError - code=2 error=End of file
